{"contracts/CustomAdmin.sol":{"l":{"32":136,"33":128,"39":38,"40":37,"42":35,"44":34,"46":34,"47":34,"53":5,"54":21,"59":21,"60":21,"62":21,"66":5,"72":9,"73":9,"76":8,"78":8,"79":8,"80":8,"86":1,"87":4,"92":4,"93":4,"95":4,"99":1,"104":232,"105":152,"108":80},"path":"/Users/biod/Desktop/projects/fulcrum-token/contracts/CustomAdmin.sol","s":{"1":136,"2":38,"3":37,"4":35,"5":34,"6":34,"7":34,"8":5,"9":21,"10":21,"11":21,"12":21,"13":5,"14":9,"15":9,"16":8,"17":8,"18":8,"19":8,"20":1,"21":4,"22":4,"23":4,"24":4,"25":1,"26":232,"27":152,"28":80},"b":{"1":[128,8],"2":[37,1],"3":[35,2],"4":[34,1],"5":[21,0],"6":[9,0],"7":[8,1],"8":[8,0],"9":[4,0],"10":[152,80]},"f":{"1":136,"2":38,"3":5,"4":9,"5":1,"6":232},"fnMap":{"1":{"name":"onlyAdmin","line":31,"loc":{"start":{"line":31,"column":2},"end":{"line":31,"column":22}}},"2":{"name":"addAdmin","line":38,"loc":{"start":{"line":38,"column":2},"end":{"line":38,"column":70}}},"3":{"name":"addManyAdmins","line":52,"loc":{"start":{"line":52,"column":2},"end":{"line":52,"column":78}}},"4":{"name":"removeAdmin","line":71,"loc":{"start":{"line":71,"column":2},"end":{"line":71,"column":73}}},"5":{"name":"removeManyAdmins","line":85,"loc":{"start":{"line":85,"column":2},"end":{"line":85,"column":81}}},"6":{"name":"isAdmin","line":103,"loc":{"start":{"line":103,"column":2},"end":{"line":103,"column":62}}}},"statementMap":{"1":{"start":{"line":32,"column":4},"end":{"line":32,"column":52}},"2":{"start":{"line":39,"column":4},"end":{"line":39,"column":54}},"3":{"start":{"line":40,"column":4},"end":{"line":40,"column":74}},"4":{"start":{"line":42,"column":4},"end":{"line":42,"column":104}},"5":{"start":{"line":44,"column":4},"end":{"line":44,"column":26}},"6":{"start":{"line":46,"column":4},"end":{"line":46,"column":29}},"7":{"start":{"line":47,"column":4},"end":{"line":47,"column":15}},"8":{"start":{"line":53,"column":4},"end":{"line":53,"column":1865}},"9":{"start":{"line":54,"column":6},"end":{"line":54,"column":35}},"10":{"start":{"line":59,"column":6},"end":{"line":59,"column":2113}},"11":{"start":{"line":60,"column":8},"end":{"line":60,"column":29}},"12":{"start":{"line":62,"column":8},"end":{"line":62,"column":37}},"13":{"start":{"line":66,"column":4},"end":{"line":66,"column":15}},"14":{"start":{"line":72,"column":4},"end":{"line":72,"column":54}},"15":{"start":{"line":73,"column":4},"end":{"line":73,"column":68}},"16":{"start":{"line":76,"column":4},"end":{"line":76,"column":104}},"17":{"start":{"line":78,"column":4},"end":{"line":78,"column":27}},"18":{"start":{"line":79,"column":4},"end":{"line":79,"column":31}},"19":{"start":{"line":80,"column":4},"end":{"line":80,"column":15}},"20":{"start":{"line":86,"column":4},"end":{"line":86,"column":3110}},"21":{"start":{"line":87,"column":6},"end":{"line":87,"column":35}},"22":{"start":{"line":92,"column":6},"end":{"line":92,"column":3412}},"23":{"start":{"line":93,"column":8},"end":{"line":93,"column":30}},"24":{"start":{"line":95,"column":8},"end":{"line":95,"column":39}},"25":{"start":{"line":99,"column":4},"end":{"line":99,"column":15}},"26":{"start":{"line":104,"column":4},"end":{"line":104,"column":3713}},"27":{"start":{"line":105,"column":6},"end":{"line":105,"column":17}},"28":{"start":{"line":108,"column":4},"end":{"line":108,"column":27}}},"branchMap":{"1":{"line":32,"type":"if","locations":[{"start":{"line":32,"column":4},"end":{"line":32,"column":4}},{"start":{"line":32,"column":4},"end":{"line":32,"column":4}}]},"2":{"line":39,"type":"if","locations":[{"start":{"line":39,"column":4},"end":{"line":39,"column":4}},{"start":{"line":39,"column":4},"end":{"line":39,"column":4}}]},"3":{"line":40,"type":"if","locations":[{"start":{"line":40,"column":4},"end":{"line":40,"column":4}},{"start":{"line":40,"column":4},"end":{"line":40,"column":4}}]},"4":{"line":42,"type":"if","locations":[{"start":{"line":42,"column":4},"end":{"line":42,"column":4}},{"start":{"line":42,"column":4},"end":{"line":42,"column":4}}]},"5":{"line":59,"type":"if","locations":[{"start":{"line":59,"column":6},"end":{"line":59,"column":6}},{"start":{"line":59,"column":6},"end":{"line":59,"column":6}}]},"6":{"line":72,"type":"if","locations":[{"start":{"line":72,"column":4},"end":{"line":72,"column":4}},{"start":{"line":72,"column":4},"end":{"line":72,"column":4}}]},"7":{"line":73,"type":"if","locations":[{"start":{"line":73,"column":4},"end":{"line":73,"column":4}},{"start":{"line":73,"column":4},"end":{"line":73,"column":4}}]},"8":{"line":76,"type":"if","locations":[{"start":{"line":76,"column":4},"end":{"line":76,"column":4}},{"start":{"line":76,"column":4},"end":{"line":76,"column":4}}]},"9":{"line":92,"type":"if","locations":[{"start":{"line":92,"column":6},"end":{"line":92,"column":6}},{"start":{"line":92,"column":6},"end":{"line":92,"column":6}}]},"10":{"line":104,"type":"if","locations":[{"start":{"line":104,"column":4},"end":{"line":104,"column":4}},{"start":{"line":104,"column":4},"end":{"line":104,"column":4}}]}}},"contracts/CustomPausable.sol":{"l":{"31":49,"32":49,"37":1,"38":1,"43":8,"44":8,"49":1,"50":1},"path":"/Users/biod/Desktop/projects/fulcrum-token/contracts/CustomPausable.sol","s":{"1":49,"2":1,"3":8,"4":8,"5":1,"6":1},"b":{"1":[49,0],"2":[1,0]},"f":{"1":49,"2":1,"3":8,"4":1},"fnMap":{"1":{"name":"whenNotPaused","line":30,"loc":{"start":{"line":30,"column":2},"end":{"line":30,"column":26}}},"2":{"name":"whenPaused","line":36,"loc":{"start":{"line":36,"column":2},"end":{"line":36,"column":23}}},"3":{"name":"pause","line":42,"loc":{"start":{"line":42,"column":2},"end":{"line":42,"column":51}}},"4":{"name":"unpause","line":48,"loc":{"start":{"line":48,"column":2},"end":{"line":48,"column":50}}}},"statementMap":{"1":{"start":{"line":31,"column":4},"end":{"line":31,"column":59}},"2":{"start":{"line":37,"column":4},"end":{"line":37,"column":55}},"3":{"start":{"line":43,"column":4},"end":{"line":43,"column":16}},"4":{"start":{"line":44,"column":4},"end":{"line":44,"column":17}},"5":{"start":{"line":49,"column":4},"end":{"line":49,"column":17}},"6":{"start":{"line":50,"column":4},"end":{"line":50,"column":19}}},"branchMap":{"1":{"line":31,"type":"if","locations":[{"start":{"line":31,"column":4},"end":{"line":31,"column":4}},{"start":{"line":31,"column":4},"end":{"line":31,"column":4}}]},"2":{"line":37,"type":"if","locations":[{"start":{"line":37,"column":4},"end":{"line":37,"column":4}},{"start":{"line":37,"column":4},"end":{"line":37,"column":4}}]}}},"contracts/FulcrumToken.sol":{"l":{"49":18,"50":6,"53":12,"59":11,"60":11,"62":11,"69":8,"71":7,"73":7,"74":7,"80":4,"82":3,"88":4,"89":4,"90":3,"92":3,"98":4,"99":4,"100":3,"102":3,"108":4,"109":4,"110":3,"112":3,"118":4,"120":3,"126":4,"127":4,"128":3,"130":3,"136":30,"144":12,"145":12},"path":"/Users/biod/Desktop/projects/fulcrum-token/contracts/FulcrumToken.sol","s":{"1":18,"2":6,"3":11,"4":11,"5":11,"6":8,"7":7,"8":7,"9":7,"10":4,"11":3,"12":4,"13":4,"14":3,"15":3,"16":4,"17":4,"18":3,"19":3,"20":4,"21":4,"22":3,"23":3,"24":4,"25":3,"26":4,"27":4,"28":3,"29":3,"30":30,"31":12,"32":12},"b":{"1":[6,12],"2":[11,0],"3":[7,1],"4":[3,1],"5":[4,0],"6":[3,1],"7":[3,0],"8":[4,0],"9":[3,1],"10":[3,0],"11":[4,0],"12":[3,1],"13":[3,0],"14":[3,1],"15":[4,0],"16":[3,1],"17":[3,0]},"f":{"1":18,"2":11,"3":8,"4":4,"5":4,"6":4,"7":4,"8":4,"9":4,"10":30,"11":12},"fnMap":{"1":{"name":"whenNotMinted","line":48,"loc":{"start":{"line":48,"column":2},"end":{"line":48,"column":37}}},"2":{"name":"setSuccess","line":58,"loc":{"start":{"line":58,"column":2},"end":{"line":58,"column":56}}},"3":{"name":"setICOEndDate","line":68,"loc":{"start":{"line":68,"column":2},"end":{"line":68,"column":69}}},"4":{"name":"mintCommunityRewardTokens","line":79,"loc":{"start":{"line":79,"column":2},"end":{"line":79,"column":71}}},"5":{"name":"mintReserveTokens","line":87,"loc":{"start":{"line":87,"column":2},"end":{"line":87,"column":63}}},"6":{"name":"mintTokensForTeam","line":97,"loc":{"start":{"line":97,"column":2},"end":{"line":97,"column":63}}},"7":{"name":"mintTokensForAdvisors","line":107,"loc":{"start":{"line":107,"column":2},"end":{"line":107,"column":67}}},"8":{"name":"mintTokensForInitialStrategicPartnerships","line":117,"loc":{"start":{"line":117,"column":2},"end":{"line":117,"column":87}}},"9":{"name":"mintTokensForStrategicPartnerships","line":125,"loc":{"start":{"line":125,"column":2},"end":{"line":125,"column":80}}},"10":{"name":"computeHash","line":135,"loc":{"start":{"line":135,"column":2},"end":{"line":135,"column":65}}},"11":{"name":"mintOnce","line":143,"loc":{"start":{"line":143,"column":2},"end":{"line":143,"column":118}}}},"statementMap":{"1":{"start":{"line":49,"column":4},"end":{"line":49,"column":2098}},"2":{"start":{"line":50,"column":6},"end":{"line":50,"column":46}},"3":{"start":{"line":59,"column":4},"end":{"line":59,"column":47}},"4":{"start":{"line":60,"column":4},"end":{"line":60,"column":23}},"5":{"start":{"line":62,"column":4},"end":{"line":62,"column":24}},"6":{"start":{"line":69,"column":4},"end":{"line":69,"column":64}},"7":{"start":{"line":71,"column":4},"end":{"line":71,"column":21}},"8":{"start":{"line":73,"column":4},"end":{"line":73,"column":29}},"9":{"start":{"line":74,"column":4},"end":{"line":74,"column":15}},"10":{"start":{"line":80,"column":4},"end":{"line":80,"column":107}},"11":{"start":{"line":82,"column":4},"end":{"line":82,"column":85}},"12":{"start":{"line":88,"column":4},"end":{"line":88,"column":107}},"13":{"start":{"line":89,"column":4},"end":{"line":89,"column":94}},"14":{"start":{"line":90,"column":4},"end":{"line":90,"column":105}},"15":{"start":{"line":92,"column":4},"end":{"line":92,"column":77}},"16":{"start":{"line":98,"column":4},"end":{"line":98,"column":107}},"17":{"start":{"line":99,"column":4},"end":{"line":99,"column":94}},"18":{"start":{"line":100,"column":4},"end":{"line":100,"column":98}},"19":{"start":{"line":102,"column":4},"end":{"line":102,"column":60}},"20":{"start":{"line":108,"column":4},"end":{"line":108,"column":107}},"21":{"start":{"line":109,"column":4},"end":{"line":109,"column":94}},"22":{"start":{"line":110,"column":4},"end":{"line":110,"column":102}},"23":{"start":{"line":112,"column":4},"end":{"line":112,"column":68}},"24":{"start":{"line":118,"column":4},"end":{"line":118,"column":107}},"25":{"start":{"line":120,"column":4},"end":{"line":120,"column":106}},"26":{"start":{"line":126,"column":4},"end":{"line":126,"column":107}},"27":{"start":{"line":127,"column":4},"end":{"line":127,"column":94}},"28":{"start":{"line":128,"column":4},"end":{"line":128,"column":109}},"29":{"start":{"line":130,"column":4},"end":{"line":130,"column":91}},"30":{"start":{"line":136,"column":4},"end":{"line":136,"column":44}},"31":{"start":{"line":144,"column":4},"end":{"line":144,"column":40}},"32":{"start":{"line":145,"column":4},"end":{"line":145,"column":35}}},"branchMap":{"1":{"line":49,"type":"if","locations":[{"start":{"line":49,"column":4},"end":{"line":49,"column":4}},{"start":{"line":49,"column":4},"end":{"line":49,"column":4}}]},"2":{"line":59,"type":"if","locations":[{"start":{"line":59,"column":4},"end":{"line":59,"column":4}},{"start":{"line":59,"column":4},"end":{"line":59,"column":4}}]},"3":{"line":69,"type":"if","locations":[{"start":{"line":69,"column":4},"end":{"line":69,"column":4}},{"start":{"line":69,"column":4},"end":{"line":69,"column":4}}]},"4":{"line":80,"type":"if","locations":[{"start":{"line":80,"column":4},"end":{"line":80,"column":4}},{"start":{"line":80,"column":4},"end":{"line":80,"column":4}}]},"5":{"line":88,"type":"if","locations":[{"start":{"line":88,"column":4},"end":{"line":88,"column":4}},{"start":{"line":88,"column":4},"end":{"line":88,"column":4}}]},"6":{"line":89,"type":"if","locations":[{"start":{"line":89,"column":4},"end":{"line":89,"column":4}},{"start":{"line":89,"column":4},"end":{"line":89,"column":4}}]},"7":{"line":90,"type":"if","locations":[{"start":{"line":90,"column":4},"end":{"line":90,"column":4}},{"start":{"line":90,"column":4},"end":{"line":90,"column":4}}]},"8":{"line":98,"type":"if","locations":[{"start":{"line":98,"column":4},"end":{"line":98,"column":4}},{"start":{"line":98,"column":4},"end":{"line":98,"column":4}}]},"9":{"line":99,"type":"if","locations":[{"start":{"line":99,"column":4},"end":{"line":99,"column":4}},{"start":{"line":99,"column":4},"end":{"line":99,"column":4}}]},"10":{"line":100,"type":"if","locations":[{"start":{"line":100,"column":4},"end":{"line":100,"column":4}},{"start":{"line":100,"column":4},"end":{"line":100,"column":4}}]},"11":{"line":108,"type":"if","locations":[{"start":{"line":108,"column":4},"end":{"line":108,"column":4}},{"start":{"line":108,"column":4},"end":{"line":108,"column":4}}]},"12":{"line":109,"type":"if","locations":[{"start":{"line":109,"column":4},"end":{"line":109,"column":4}},{"start":{"line":109,"column":4},"end":{"line":109,"column":4}}]},"13":{"line":110,"type":"if","locations":[{"start":{"line":110,"column":4},"end":{"line":110,"column":4}},{"start":{"line":110,"column":4},"end":{"line":110,"column":4}}]},"14":{"line":118,"type":"if","locations":[{"start":{"line":118,"column":4},"end":{"line":118,"column":4}},{"start":{"line":118,"column":4},"end":{"line":118,"column":4}}]},"15":{"line":126,"type":"if","locations":[{"start":{"line":126,"column":4},"end":{"line":126,"column":4}},{"start":{"line":126,"column":4},"end":{"line":126,"column":4}}]},"16":{"line":127,"type":"if","locations":[{"start":{"line":127,"column":4},"end":{"line":127,"column":4}},{"start":{"line":127,"column":4},"end":{"line":127,"column":4}}]},"17":{"line":128,"type":"if","locations":[{"start":{"line":128,"column":4},"end":{"line":128,"column":4}},{"start":{"line":128,"column":4},"end":{"line":128,"column":4}}]}}},"contracts/FulcrumTokenBase.sol":{"l":{"46":42,"52":62,"53":54,"54":10,"58":52,"64":16,"66":16,"68":16,"69":16,"74":5,"76":5,"78":5,"79":5,"88":25,"89":25,"98":3,"99":3,"107":18,"108":18,"116":3,"117":3,"125":3,"126":3,"133":2,"137":2,"138":2,"140":1,"141":4,"144":1,"145":1,"152":2,"161":54,"162":54,"164":54,"165":54,"167":54,"168":54,"170":54,"176":2,"178":2,"179":7,"182":2},"path":"/Users/biod/Desktop/projects/fulcrum-token/contracts/FulcrumTokenBase.sol","s":{"1":42,"2":62,"3":54,"4":10,"5":16,"6":16,"7":16,"8":16,"9":5,"10":5,"11":5,"12":5,"13":25,"14":25,"15":3,"16":3,"17":18,"18":18,"19":3,"20":3,"21":3,"22":3,"23":2,"24":2,"25":2,"26":1,"27":4,"28":1,"29":1,"30":54,"31":54,"32":54,"33":54,"34":54,"35":54,"36":54,"37":2,"38":2,"39":7,"40":2},"b":{"1":[54,8],"2":[10,44],"3":[16,0],"4":[5,0],"5":[25,0],"6":[3,0],"7":[18,0],"8":[3,0],"9":[3,0],"10":[2,0],"11":[1,1],"12":[54,0],"13":[54,0]},"f":{"1":42,"2":62,"3":16,"4":5,"5":25,"6":3,"7":18,"8":3,"9":3,"10":2,"11":2,"12":54,"13":2},"fnMap":{"1":{"name":null,"line":45,"loc":{"start":{"line":45,"column":2},"end":{"line":45,"column":22}}},"2":{"name":"canTransfer","line":51,"loc":{"start":{"line":51,"column":2},"end":{"line":51,"column":37}}},"3":{"name":"releaseTokenForTransfer","line":63,"loc":{"start":{"line":63,"column":2},"end":{"line":63,"column":83}}},"4":{"name":"disableTokenTransfers","line":73,"loc":{"start":{"line":73,"column":2},"end":{"line":73,"column":81}}},"5":{"name":"transfer","line":87,"loc":{"start":{"line":87,"column":2},"end":{"line":87,"column":93}}},"6":{"name":"transferFrom","line":97,"loc":{"start":{"line":97,"column":2},"end":{"line":97,"column":107}}},"7":{"name":"approve","line":106,"loc":{"start":{"line":106,"column":2},"end":{"line":106,"column":97}}},"8":{"name":"increaseApproval","line":115,"loc":{"start":{"line":115,"column":2},"end":{"line":115,"column":111}}},"9":{"name":"decreaseApproval","line":124,"loc":{"start":{"line":124,"column":2},"end":{"line":124,"column":116}}},"10":{"name":"bulkTransfer","line":132,"loc":{"start":{"line":132,"column":2},"end":{"line":132,"column":99}}},"11":{"name":"burn","line":151,"loc":{"start":{"line":151,"column":2},"end":{"line":151,"column":52}}},"12":{"name":"mintTokens","line":160,"loc":{"start":{"line":160,"column":2},"end":{"line":160,"column":70}}},"13":{"name":"sumOf","line":175,"loc":{"start":{"line":175,"column":2},"end":{"line":175,"column":65}}}},"statementMap":{"1":{"start":{"line":46,"column":4},"end":{"line":46,"column":41}},"2":{"start":{"line":52,"column":4},"end":{"line":52,"column":2213}},"3":{"start":{"line":53,"column":6},"end":{"line":53,"column":2247}},"4":{"start":{"line":54,"column":8},"end":{"line":54,"column":73}},"5":{"start":{"line":64,"column":4},"end":{"line":64,"column":85}},"6":{"start":{"line":66,"column":4},"end":{"line":66,"column":18}},"7":{"start":{"line":68,"column":4},"end":{"line":68,"column":32}},"8":{"start":{"line":69,"column":4},"end":{"line":69,"column":15}},"9":{"start":{"line":74,"column":4},"end":{"line":74,"column":84}},"10":{"start":{"line":76,"column":4},"end":{"line":76,"column":19}},"11":{"start":{"line":78,"column":4},"end":{"line":78,"column":32}},"12":{"start":{"line":79,"column":4},"end":{"line":79,"column":15}},"13":{"start":{"line":88,"column":4},"end":{"line":88,"column":49}},"14":{"start":{"line":89,"column":4},"end":{"line":89,"column":38}},"15":{"start":{"line":98,"column":4},"end":{"line":98,"column":49}},"16":{"start":{"line":99,"column":4},"end":{"line":99,"column":49}},"17":{"start":{"line":107,"column":4},"end":{"line":107,"column":54}},"18":{"start":{"line":108,"column":4},"end":{"line":108,"column":42}},"19":{"start":{"line":116,"column":4},"end":{"line":116,"column":54}},"20":{"start":{"line":117,"column":4},"end":{"line":117,"column":56}},"21":{"start":{"line":125,"column":4},"end":{"line":125,"column":54}},"22":{"start":{"line":126,"column":4},"end":{"line":126,"column":61}},"23":{"start":{"line":133,"column":4},"end":{"line":133,"column":73}},"24":{"start":{"line":137,"column":4},"end":{"line":137,"column":44}},"25":{"start":{"line":138,"column":4},"end":{"line":138,"column":117}},"26":{"start":{"line":140,"column":4},"end":{"line":140,"column":6409}},"27":{"start":{"line":141,"column":6},"end":{"line":141,"column":44}},"28":{"start":{"line":144,"column":4},"end":{"line":144,"column":55}},"29":{"start":{"line":145,"column":4},"end":{"line":145,"column":15}},"30":{"start":{"line":161,"column":4},"end":{"line":161,"column":49}},"31":{"start":{"line":162,"column":4},"end":{"line":162,"column":113}},"32":{"start":{"line":164,"column":4},"end":{"line":164,"column":44}},"33":{"start":{"line":165,"column":4},"end":{"line":165,"column":42}},"34":{"start":{"line":167,"column":4},"end":{"line":167,"column":42}},"35":{"start":{"line":168,"column":4},"end":{"line":168,"column":26}},"36":{"start":{"line":170,"column":4},"end":{"line":170,"column":15}},"37":{"start":{"line":176,"column":4},"end":{"line":176,"column":20}},"38":{"start":{"line":178,"column":4},"end":{"line":178,"column":7836}},"39":{"start":{"line":179,"column":6},"end":{"line":179,"column":34}},"40":{"start":{"line":182,"column":4},"end":{"line":182,"column":16}}},"branchMap":{"1":{"line":52,"type":"if","locations":[{"start":{"line":52,"column":4},"end":{"line":52,"column":4}},{"start":{"line":52,"column":4},"end":{"line":52,"column":4}}]},"2":{"line":53,"type":"if","locations":[{"start":{"line":53,"column":6},"end":{"line":53,"column":6}},{"start":{"line":53,"column":6},"end":{"line":53,"column":6}}]},"3":{"line":64,"type":"if","locations":[{"start":{"line":64,"column":4},"end":{"line":64,"column":4}},{"start":{"line":64,"column":4},"end":{"line":64,"column":4}}]},"4":{"line":74,"type":"if","locations":[{"start":{"line":74,"column":4},"end":{"line":74,"column":4}},{"start":{"line":74,"column":4},"end":{"line":74,"column":4}}]},"5":{"line":88,"type":"if","locations":[{"start":{"line":88,"column":4},"end":{"line":88,"column":4}},{"start":{"line":88,"column":4},"end":{"line":88,"column":4}}]},"6":{"line":98,"type":"if","locations":[{"start":{"line":98,"column":4},"end":{"line":98,"column":4}},{"start":{"line":98,"column":4},"end":{"line":98,"column":4}}]},"7":{"line":107,"type":"if","locations":[{"start":{"line":107,"column":4},"end":{"line":107,"column":4}},{"start":{"line":107,"column":4},"end":{"line":107,"column":4}}]},"8":{"line":116,"type":"if","locations":[{"start":{"line":116,"column":4},"end":{"line":116,"column":4}},{"start":{"line":116,"column":4},"end":{"line":116,"column":4}}]},"9":{"line":125,"type":"if","locations":[{"start":{"line":125,"column":4},"end":{"line":125,"column":4}},{"start":{"line":125,"column":4},"end":{"line":125,"column":4}}]},"10":{"line":133,"type":"if","locations":[{"start":{"line":133,"column":4},"end":{"line":133,"column":4}},{"start":{"line":133,"column":4},"end":{"line":133,"column":4}}]},"11":{"line":138,"type":"if","locations":[{"start":{"line":138,"column":4},"end":{"line":138,"column":4}},{"start":{"line":138,"column":4},"end":{"line":138,"column":4}}]},"12":{"line":161,"type":"if","locations":[{"start":{"line":161,"column":4},"end":{"line":161,"column":4}},{"start":{"line":161,"column":4},"end":{"line":161,"column":4}}]},"13":{"line":162,"type":"if","locations":[{"start":{"line":162,"column":4},"end":{"line":162,"column":4}},{"start":{"line":162,"column":4},"end":{"line":162,"column":4}}]}}}}