{"contracts/CustomAdmin.sol":{"l":{"32":54,"33":49,"39":19,"40":18,"42":18,"44":18,"46":18,"52":0,"53":0,"58":0,"59":0,"61":0,"69":7,"70":7,"73":7,"75":7,"76":7,"82":0,"83":0,"88":0,"89":0,"91":0,"98":118,"99":89,"102":29},"path":"/Users/biod/Desktop/projects/fulcrum-token/contracts/CustomAdmin.sol","s":{"1":54,"2":19,"3":18,"4":18,"5":18,"6":18,"7":0,"8":0,"9":0,"10":0,"11":0,"12":7,"13":7,"14":7,"15":7,"16":7,"17":0,"18":0,"19":0,"20":0,"21":0,"22":118,"23":89,"24":29},"b":{"1":[49,5],"2":[18,1],"3":[18,0],"4":[18,0],"5":[0,0],"6":[7,0],"7":[7,0],"8":[7,0],"9":[0,0],"10":[89,29]},"f":{"1":54,"2":19,"3":0,"4":7,"5":0,"6":118},"fnMap":{"1":{"name":"onlyAdmin","line":31,"loc":{"start":{"line":31,"column":2},"end":{"line":31,"column":22}}},"2":{"name":"addAdmin","line":38,"loc":{"start":{"line":38,"column":2},"end":{"line":38,"column":56}}},"3":{"name":"addManyAdmins","line":51,"loc":{"start":{"line":51,"column":2},"end":{"line":51,"column":64}}},"4":{"name":"removeAdmin","line":68,"loc":{"start":{"line":68,"column":2},"end":{"line":68,"column":59}}},"5":{"name":"removeManyAdmins","line":81,"loc":{"start":{"line":81,"column":2},"end":{"line":81,"column":67}}},"6":{"name":"isAdmin","line":97,"loc":{"start":{"line":97,"column":2},"end":{"line":97,"column":62}}}},"statementMap":{"1":{"start":{"line":32,"column":4},"end":{"line":32,"column":52}},"2":{"start":{"line":39,"column":4},"end":{"line":39,"column":54}},"3":{"start":{"line":40,"column":4},"end":{"line":40,"column":74}},"4":{"start":{"line":42,"column":4},"end":{"line":42,"column":104}},"5":{"start":{"line":44,"column":4},"end":{"line":44,"column":26}},"6":{"start":{"line":46,"column":4},"end":{"line":46,"column":29}},"7":{"start":{"line":52,"column":4},"end":{"line":52,"column":1820}},"8":{"start":{"line":53,"column":6},"end":{"line":53,"column":35}},"9":{"start":{"line":58,"column":6},"end":{"line":58,"column":2068}},"10":{"start":{"line":59,"column":8},"end":{"line":59,"column":29}},"11":{"start":{"line":61,"column":8},"end":{"line":61,"column":37}},"12":{"start":{"line":69,"column":4},"end":{"line":69,"column":54}},"13":{"start":{"line":70,"column":4},"end":{"line":70,"column":68}},"14":{"start":{"line":73,"column":4},"end":{"line":73,"column":104}},"15":{"start":{"line":75,"column":4},"end":{"line":75,"column":27}},"16":{"start":{"line":76,"column":4},"end":{"line":76,"column":31}},"17":{"start":{"line":82,"column":4},"end":{"line":82,"column":3002}},"18":{"start":{"line":83,"column":6},"end":{"line":83,"column":35}},"19":{"start":{"line":88,"column":6},"end":{"line":88,"column":3304}},"20":{"start":{"line":89,"column":8},"end":{"line":89,"column":30}},"21":{"start":{"line":91,"column":8},"end":{"line":91,"column":39}},"22":{"start":{"line":98,"column":4},"end":{"line":98,"column":3587}},"23":{"start":{"line":99,"column":6},"end":{"line":99,"column":17}},"24":{"start":{"line":102,"column":4},"end":{"line":102,"column":27}}},"branchMap":{"1":{"line":32,"type":"if","locations":[{"start":{"line":32,"column":4},"end":{"line":32,"column":4}},{"start":{"line":32,"column":4},"end":{"line":32,"column":4}}]},"2":{"line":39,"type":"if","locations":[{"start":{"line":39,"column":4},"end":{"line":39,"column":4}},{"start":{"line":39,"column":4},"end":{"line":39,"column":4}}]},"3":{"line":40,"type":"if","locations":[{"start":{"line":40,"column":4},"end":{"line":40,"column":4}},{"start":{"line":40,"column":4},"end":{"line":40,"column":4}}]},"4":{"line":42,"type":"if","locations":[{"start":{"line":42,"column":4},"end":{"line":42,"column":4}},{"start":{"line":42,"column":4},"end":{"line":42,"column":4}}]},"5":{"line":58,"type":"if","locations":[{"start":{"line":58,"column":6},"end":{"line":58,"column":6}},{"start":{"line":58,"column":6},"end":{"line":58,"column":6}}]},"6":{"line":69,"type":"if","locations":[{"start":{"line":69,"column":4},"end":{"line":69,"column":4}},{"start":{"line":69,"column":4},"end":{"line":69,"column":4}}]},"7":{"line":70,"type":"if","locations":[{"start":{"line":70,"column":4},"end":{"line":70,"column":4}},{"start":{"line":70,"column":4},"end":{"line":70,"column":4}}]},"8":{"line":73,"type":"if","locations":[{"start":{"line":73,"column":4},"end":{"line":73,"column":4}},{"start":{"line":73,"column":4},"end":{"line":73,"column":4}}]},"9":{"line":88,"type":"if","locations":[{"start":{"line":88,"column":6},"end":{"line":88,"column":6}},{"start":{"line":88,"column":6},"end":{"line":88,"column":6}}]},"10":{"line":98,"type":"if","locations":[{"start":{"line":98,"column":4},"end":{"line":98,"column":4}},{"start":{"line":98,"column":4},"end":{"line":98,"column":4}}]}}},"contracts/CustomPausable.sol":{"l":{"31":19,"32":19,"37":0,"38":0,"43":6,"44":6,"49":0,"50":0},"path":"/Users/biod/Desktop/projects/fulcrum-token/contracts/CustomPausable.sol","s":{"1":19,"2":0,"3":6,"4":6,"5":0,"6":0},"b":{"1":[19,0],"2":[0,0]},"f":{"1":19,"2":0,"3":6,"4":0},"fnMap":{"1":{"name":"whenNotPaused","line":30,"loc":{"start":{"line":30,"column":2},"end":{"line":30,"column":26}}},"2":{"name":"whenPaused","line":36,"loc":{"start":{"line":36,"column":2},"end":{"line":36,"column":23}}},"3":{"name":"pause","line":42,"loc":{"start":{"line":42,"column":2},"end":{"line":42,"column":51}}},"4":{"name":"unpause","line":48,"loc":{"start":{"line":48,"column":2},"end":{"line":48,"column":50}}}},"statementMap":{"1":{"start":{"line":31,"column":4},"end":{"line":31,"column":59}},"2":{"start":{"line":37,"column":4},"end":{"line":37,"column":55}},"3":{"start":{"line":43,"column":4},"end":{"line":43,"column":16}},"4":{"start":{"line":44,"column":4},"end":{"line":44,"column":17}},"5":{"start":{"line":49,"column":4},"end":{"line":49,"column":17}},"6":{"start":{"line":50,"column":4},"end":{"line":50,"column":19}}},"branchMap":{"1":{"line":31,"type":"if","locations":[{"start":{"line":31,"column":4},"end":{"line":31,"column":4}},{"start":{"line":31,"column":4},"end":{"line":31,"column":4}}]},"2":{"line":37,"type":"if","locations":[{"start":{"line":37,"column":4},"end":{"line":37,"column":4}},{"start":{"line":37,"column":4},"end":{"line":37,"column":4}}]}}},"contracts/FulcrumToken.sol":{"l":{"49":0,"50":0,"53":0,"59":0,"60":0,"62":0,"69":4,"70":3,"72":2,"74":2,"75":2,"81":0,"83":0,"89":0,"90":0,"91":0,"93":0,"99":0,"100":0,"101":0,"103":0,"109":0,"110":0,"111":0,"113":0,"119":0,"121":0,"127":0,"128":0,"129":0,"131":0,"137":0,"145":0,"146":0},"path":"/Users/biod/Desktop/projects/fulcrum-token/contracts/FulcrumToken.sol","s":{"1":0,"2":0,"3":0,"4":0,"5":0,"6":4,"7":3,"8":2,"9":2,"10":2,"11":0,"12":0,"13":0,"14":0,"15":0,"16":0,"17":0,"18":0,"19":0,"20":0,"21":0,"22":0,"23":0,"24":0,"25":0,"26":0,"27":0,"28":0,"29":0,"30":0,"31":0,"32":0,"33":0},"b":{"1":[0,0],"2":[0,0],"3":[3,1],"4":[2,1],"5":[0,0],"6":[0,0],"7":[0,0],"8":[0,0],"9":[0,0],"10":[0,0],"11":[0,0],"12":[0,0],"13":[0,0],"14":[0,0],"15":[0,0],"16":[0,0],"17":[0,0],"18":[0,0]},"f":{"1":0,"2":0,"3":4,"4":0,"5":0,"6":0,"7":0,"8":0,"9":0,"10":0,"11":0},"fnMap":{"1":{"name":"whenNotMinted","line":48,"loc":{"start":{"line":48,"column":2},"end":{"line":48,"column":37}}},"2":{"name":"setSuccess","line":58,"loc":{"start":{"line":58,"column":2},"end":{"line":58,"column":56}}},"3":{"name":"setICOEndDate","line":68,"loc":{"start":{"line":68,"column":2},"end":{"line":68,"column":69}}},"4":{"name":"mintCommunityRewardTokens","line":80,"loc":{"start":{"line":80,"column":2},"end":{"line":80,"column":71}}},"5":{"name":"mintReserveTokens","line":88,"loc":{"start":{"line":88,"column":2},"end":{"line":88,"column":63}}},"6":{"name":"mintTokensForTeam","line":98,"loc":{"start":{"line":98,"column":2},"end":{"line":98,"column":63}}},"7":{"name":"mintTokensForAdvisors","line":108,"loc":{"start":{"line":108,"column":2},"end":{"line":108,"column":67}}},"8":{"name":"mintTokensForInitialStrategicPartnerships","line":118,"loc":{"start":{"line":118,"column":2},"end":{"line":118,"column":87}}},"9":{"name":"mintTokensForStrategicPartnerships","line":126,"loc":{"start":{"line":126,"column":2},"end":{"line":126,"column":80}}},"10":{"name":"computeHash","line":136,"loc":{"start":{"line":136,"column":2},"end":{"line":136,"column":65}}},"11":{"name":"mintOnce","line":144,"loc":{"start":{"line":144,"column":2},"end":{"line":144,"column":118}}}},"statementMap":{"1":{"start":{"line":49,"column":4},"end":{"line":49,"column":2098}},"2":{"start":{"line":50,"column":6},"end":{"line":50,"column":46}},"3":{"start":{"line":59,"column":4},"end":{"line":59,"column":47}},"4":{"start":{"line":60,"column":4},"end":{"line":60,"column":23}},"5":{"start":{"line":62,"column":4},"end":{"line":62,"column":24}},"6":{"start":{"line":69,"column":4},"end":{"line":69,"column":64}},"7":{"start":{"line":70,"column":4},"end":{"line":70,"column":66}},"8":{"start":{"line":72,"column":4},"end":{"line":72,"column":21}},"9":{"start":{"line":74,"column":4},"end":{"line":74,"column":29}},"10":{"start":{"line":75,"column":4},"end":{"line":75,"column":15}},"11":{"start":{"line":81,"column":4},"end":{"line":81,"column":107}},"12":{"start":{"line":83,"column":4},"end":{"line":83,"column":85}},"13":{"start":{"line":89,"column":4},"end":{"line":89,"column":107}},"14":{"start":{"line":90,"column":4},"end":{"line":90,"column":94}},"15":{"start":{"line":91,"column":4},"end":{"line":91,"column":105}},"16":{"start":{"line":93,"column":4},"end":{"line":93,"column":77}},"17":{"start":{"line":99,"column":4},"end":{"line":99,"column":107}},"18":{"start":{"line":100,"column":4},"end":{"line":100,"column":94}},"19":{"start":{"line":101,"column":4},"end":{"line":101,"column":98}},"20":{"start":{"line":103,"column":4},"end":{"line":103,"column":60}},"21":{"start":{"line":109,"column":4},"end":{"line":109,"column":107}},"22":{"start":{"line":110,"column":4},"end":{"line":110,"column":94}},"23":{"start":{"line":111,"column":4},"end":{"line":111,"column":102}},"24":{"start":{"line":113,"column":4},"end":{"line":113,"column":68}},"25":{"start":{"line":119,"column":4},"end":{"line":119,"column":107}},"26":{"start":{"line":121,"column":4},"end":{"line":121,"column":106}},"27":{"start":{"line":127,"column":4},"end":{"line":127,"column":107}},"28":{"start":{"line":128,"column":4},"end":{"line":128,"column":94}},"29":{"start":{"line":129,"column":4},"end":{"line":129,"column":109}},"30":{"start":{"line":131,"column":4},"end":{"line":131,"column":91}},"31":{"start":{"line":137,"column":4},"end":{"line":137,"column":44}},"32":{"start":{"line":145,"column":4},"end":{"line":145,"column":40}},"33":{"start":{"line":146,"column":4},"end":{"line":146,"column":35}}},"branchMap":{"1":{"line":49,"type":"if","locations":[{"start":{"line":49,"column":4},"end":{"line":49,"column":4}},{"start":{"line":49,"column":4},"end":{"line":49,"column":4}}]},"2":{"line":59,"type":"if","locations":[{"start":{"line":59,"column":4},"end":{"line":59,"column":4}},{"start":{"line":59,"column":4},"end":{"line":59,"column":4}}]},"3":{"line":69,"type":"if","locations":[{"start":{"line":69,"column":4},"end":{"line":69,"column":4}},{"start":{"line":69,"column":4},"end":{"line":69,"column":4}}]},"4":{"line":70,"type":"if","locations":[{"start":{"line":70,"column":4},"end":{"line":70,"column":4}},{"start":{"line":70,"column":4},"end":{"line":70,"column":4}}]},"5":{"line":81,"type":"if","locations":[{"start":{"line":81,"column":4},"end":{"line":81,"column":4}},{"start":{"line":81,"column":4},"end":{"line":81,"column":4}}]},"6":{"line":89,"type":"if","locations":[{"start":{"line":89,"column":4},"end":{"line":89,"column":4}},{"start":{"line":89,"column":4},"end":{"line":89,"column":4}}]},"7":{"line":90,"type":"if","locations":[{"start":{"line":90,"column":4},"end":{"line":90,"column":4}},{"start":{"line":90,"column":4},"end":{"line":90,"column":4}}]},"8":{"line":91,"type":"if","locations":[{"start":{"line":91,"column":4},"end":{"line":91,"column":4}},{"start":{"line":91,"column":4},"end":{"line":91,"column":4}}]},"9":{"line":99,"type":"if","locations":[{"start":{"line":99,"column":4},"end":{"line":99,"column":4}},{"start":{"line":99,"column":4},"end":{"line":99,"column":4}}]},"10":{"line":100,"type":"if","locations":[{"start":{"line":100,"column":4},"end":{"line":100,"column":4}},{"start":{"line":100,"column":4},"end":{"line":100,"column":4}}]},"11":{"line":101,"type":"if","locations":[{"start":{"line":101,"column":4},"end":{"line":101,"column":4}},{"start":{"line":101,"column":4},"end":{"line":101,"column":4}}]},"12":{"line":109,"type":"if","locations":[{"start":{"line":109,"column":4},"end":{"line":109,"column":4}},{"start":{"line":109,"column":4},"end":{"line":109,"column":4}}]},"13":{"line":110,"type":"if","locations":[{"start":{"line":110,"column":4},"end":{"line":110,"column":4}},{"start":{"line":110,"column":4},"end":{"line":110,"column":4}}]},"14":{"line":111,"type":"if","locations":[{"start":{"line":111,"column":4},"end":{"line":111,"column":4}},{"start":{"line":111,"column":4},"end":{"line":111,"column":4}}]},"15":{"line":119,"type":"if","locations":[{"start":{"line":119,"column":4},"end":{"line":119,"column":4}},{"start":{"line":119,"column":4},"end":{"line":119,"column":4}}]},"16":{"line":127,"type":"if","locations":[{"start":{"line":127,"column":4},"end":{"line":127,"column":4}},{"start":{"line":127,"column":4},"end":{"line":127,"column":4}}]},"17":{"line":128,"type":"if","locations":[{"start":{"line":128,"column":4},"end":{"line":128,"column":4}},{"start":{"line":128,"column":4},"end":{"line":128,"column":4}}]},"18":{"line":129,"type":"if","locations":[{"start":{"line":129,"column":4},"end":{"line":129,"column":4}},{"start":{"line":129,"column":4},"end":{"line":129,"column":4}}]}}},"contracts/FulcrumTokenBase.sol":{"l":{"46":32,"52":62,"53":54,"54":10,"58":52,"64":11,"66":11,"68":11,"69":11,"74":0,"76":0,"78":0,"79":0,"88":25,"89":25,"98":3,"99":3,"107":18,"108":18,"116":3,"117":3,"125":3,"126":3,"133":2,"137":2,"138":2,"140":1,"141":4,"144":1,"145":1,"152":2,"161":32,"162":32,"164":32,"165":32,"167":32,"168":32,"170":32,"176":2,"178":2,"179":7,"182":2},"path":"/Users/biod/Desktop/projects/fulcrum-token/contracts/FulcrumTokenBase.sol","s":{"1":32,"2":62,"3":54,"4":10,"5":11,"6":11,"7":11,"8":11,"9":0,"10":0,"11":0,"12":0,"13":25,"14":25,"15":3,"16":3,"17":18,"18":18,"19":3,"20":3,"21":3,"22":3,"23":2,"24":2,"25":2,"26":1,"27":4,"28":1,"29":1,"30":32,"31":32,"32":32,"33":32,"34":32,"35":32,"36":32,"37":2,"38":2,"39":7,"40":2},"b":{"1":[54,8],"2":[10,44],"3":[11,0],"4":[0,0],"5":[25,0],"6":[3,0],"7":[18,0],"8":[3,0],"9":[3,0],"10":[2,0],"11":[1,1],"12":[32,0],"13":[32,0]},"f":{"1":32,"2":62,"3":11,"4":0,"5":25,"6":3,"7":18,"8":3,"9":3,"10":2,"11":2,"12":32,"13":2},"fnMap":{"1":{"name":null,"line":45,"loc":{"start":{"line":45,"column":2},"end":{"line":45,"column":22}}},"2":{"name":"canTransfer","line":51,"loc":{"start":{"line":51,"column":2},"end":{"line":51,"column":37}}},"3":{"name":"releaseTokenForTransfer","line":63,"loc":{"start":{"line":63,"column":2},"end":{"line":63,"column":83}}},"4":{"name":"disableTokenTransfers","line":73,"loc":{"start":{"line":73,"column":2},"end":{"line":73,"column":81}}},"5":{"name":"transfer","line":87,"loc":{"start":{"line":87,"column":2},"end":{"line":87,"column":93}}},"6":{"name":"transferFrom","line":97,"loc":{"start":{"line":97,"column":2},"end":{"line":97,"column":107}}},"7":{"name":"approve","line":106,"loc":{"start":{"line":106,"column":2},"end":{"line":106,"column":97}}},"8":{"name":"increaseApproval","line":115,"loc":{"start":{"line":115,"column":2},"end":{"line":115,"column":111}}},"9":{"name":"decreaseApproval","line":124,"loc":{"start":{"line":124,"column":2},"end":{"line":124,"column":116}}},"10":{"name":"bulkTransfer","line":132,"loc":{"start":{"line":132,"column":2},"end":{"line":132,"column":99}}},"11":{"name":"burn","line":151,"loc":{"start":{"line":151,"column":2},"end":{"line":151,"column":52}}},"12":{"name":"mintTokens","line":160,"loc":{"start":{"line":160,"column":2},"end":{"line":160,"column":70}}},"13":{"name":"sumOf","line":175,"loc":{"start":{"line":175,"column":2},"end":{"line":175,"column":65}}}},"statementMap":{"1":{"start":{"line":46,"column":4},"end":{"line":46,"column":41}},"2":{"start":{"line":52,"column":4},"end":{"line":52,"column":2213}},"3":{"start":{"line":53,"column":6},"end":{"line":53,"column":2247}},"4":{"start":{"line":54,"column":8},"end":{"line":54,"column":73}},"5":{"start":{"line":64,"column":4},"end":{"line":64,"column":85}},"6":{"start":{"line":66,"column":4},"end":{"line":66,"column":18}},"7":{"start":{"line":68,"column":4},"end":{"line":68,"column":32}},"8":{"start":{"line":69,"column":4},"end":{"line":69,"column":15}},"9":{"start":{"line":74,"column":4},"end":{"line":74,"column":84}},"10":{"start":{"line":76,"column":4},"end":{"line":76,"column":19}},"11":{"start":{"line":78,"column":4},"end":{"line":78,"column":32}},"12":{"start":{"line":79,"column":4},"end":{"line":79,"column":15}},"13":{"start":{"line":88,"column":4},"end":{"line":88,"column":49}},"14":{"start":{"line":89,"column":4},"end":{"line":89,"column":38}},"15":{"start":{"line":98,"column":4},"end":{"line":98,"column":49}},"16":{"start":{"line":99,"column":4},"end":{"line":99,"column":49}},"17":{"start":{"line":107,"column":4},"end":{"line":107,"column":54}},"18":{"start":{"line":108,"column":4},"end":{"line":108,"column":42}},"19":{"start":{"line":116,"column":4},"end":{"line":116,"column":54}},"20":{"start":{"line":117,"column":4},"end":{"line":117,"column":56}},"21":{"start":{"line":125,"column":4},"end":{"line":125,"column":54}},"22":{"start":{"line":126,"column":4},"end":{"line":126,"column":61}},"23":{"start":{"line":133,"column":4},"end":{"line":133,"column":73}},"24":{"start":{"line":137,"column":4},"end":{"line":137,"column":44}},"25":{"start":{"line":138,"column":4},"end":{"line":138,"column":117}},"26":{"start":{"line":140,"column":4},"end":{"line":140,"column":6409}},"27":{"start":{"line":141,"column":6},"end":{"line":141,"column":44}},"28":{"start":{"line":144,"column":4},"end":{"line":144,"column":55}},"29":{"start":{"line":145,"column":4},"end":{"line":145,"column":15}},"30":{"start":{"line":161,"column":4},"end":{"line":161,"column":49}},"31":{"start":{"line":162,"column":4},"end":{"line":162,"column":113}},"32":{"start":{"line":164,"column":4},"end":{"line":164,"column":44}},"33":{"start":{"line":165,"column":4},"end":{"line":165,"column":42}},"34":{"start":{"line":167,"column":4},"end":{"line":167,"column":42}},"35":{"start":{"line":168,"column":4},"end":{"line":168,"column":26}},"36":{"start":{"line":170,"column":4},"end":{"line":170,"column":15}},"37":{"start":{"line":176,"column":4},"end":{"line":176,"column":20}},"38":{"start":{"line":178,"column":4},"end":{"line":178,"column":7836}},"39":{"start":{"line":179,"column":6},"end":{"line":179,"column":34}},"40":{"start":{"line":182,"column":4},"end":{"line":182,"column":16}}},"branchMap":{"1":{"line":52,"type":"if","locations":[{"start":{"line":52,"column":4},"end":{"line":52,"column":4}},{"start":{"line":52,"column":4},"end":{"line":52,"column":4}}]},"2":{"line":53,"type":"if","locations":[{"start":{"line":53,"column":6},"end":{"line":53,"column":6}},{"start":{"line":53,"column":6},"end":{"line":53,"column":6}}]},"3":{"line":64,"type":"if","locations":[{"start":{"line":64,"column":4},"end":{"line":64,"column":4}},{"start":{"line":64,"column":4},"end":{"line":64,"column":4}}]},"4":{"line":74,"type":"if","locations":[{"start":{"line":74,"column":4},"end":{"line":74,"column":4}},{"start":{"line":74,"column":4},"end":{"line":74,"column":4}}]},"5":{"line":88,"type":"if","locations":[{"start":{"line":88,"column":4},"end":{"line":88,"column":4}},{"start":{"line":88,"column":4},"end":{"line":88,"column":4}}]},"6":{"line":98,"type":"if","locations":[{"start":{"line":98,"column":4},"end":{"line":98,"column":4}},{"start":{"line":98,"column":4},"end":{"line":98,"column":4}}]},"7":{"line":107,"type":"if","locations":[{"start":{"line":107,"column":4},"end":{"line":107,"column":4}},{"start":{"line":107,"column":4},"end":{"line":107,"column":4}}]},"8":{"line":116,"type":"if","locations":[{"start":{"line":116,"column":4},"end":{"line":116,"column":4}},{"start":{"line":116,"column":4},"end":{"line":116,"column":4}}]},"9":{"line":125,"type":"if","locations":[{"start":{"line":125,"column":4},"end":{"line":125,"column":4}},{"start":{"line":125,"column":4},"end":{"line":125,"column":4}}]},"10":{"line":133,"type":"if","locations":[{"start":{"line":133,"column":4},"end":{"line":133,"column":4}},{"start":{"line":133,"column":4},"end":{"line":133,"column":4}}]},"11":{"line":138,"type":"if","locations":[{"start":{"line":138,"column":4},"end":{"line":138,"column":4}},{"start":{"line":138,"column":4},"end":{"line":138,"column":4}}]},"12":{"line":161,"type":"if","locations":[{"start":{"line":161,"column":4},"end":{"line":161,"column":4}},{"start":{"line":161,"column":4},"end":{"line":161,"column":4}}]},"13":{"line":162,"type":"if","locations":[{"start":{"line":162,"column":4},"end":{"line":162,"column":4}},{"start":{"line":162,"column":4},"end":{"line":162,"column":4}}]}}}}